[INFO] download_util:try_download_files:260 - downloading D:\BallonsTranslator\.btrans_cache\windows_patchmatch_libs.7z from https://github.com/dmMaze/PyPatchMatchInpaint/releases/download/v1.0/windows_patchmatch_libs.7z ...
[INFO] download_util:download_and_check_files:347 - Extracting D:\BallonsTranslator\.btrans_cache\windows_patchmatch_libs.7z ...
[INFO] download_util:try_download_files:260 - downloading data/models/aot_inpainter.ckpt from https://github.com/zyddnys/manga-image-translator/releases/download/beta-0.3/inpainting.ckpt ...
[INFO] download_util:try_download_files:260 - downloading data/models/lama_mpe.ckpt from https://github.com/zyddnys/manga-image-translator/releases/download/beta-0.3/inpainting_lama_mpe.ckpt ...
[INFO] download_util:try_download_files:260 - downloading data/models/lama_large_512px.ckpt from https://huggingface.co/dreMaz/AnimeMangaInpainting/resolve/main/lama_large_512px.ckpt ...
[INFO] download_util:try_download_files:260 - downloading data/models/comictextdetector.pt from https://github.com/zyddnys/manga-image-translator/releases/download/beta-0.3/comictextdetector.pt ...
[INFO] download_util:try_download_files:260 - downloading data/models/comictextdetector.pt.onnx from https://github.com/zyddnys/manga-image-translator/releases/download/beta-0.3/comictextdetector.pt.onnx ...
[INFO] download_util:try_download_files:260 - downloading data/models/manga-ocr-base\pytorch_model.bin from https://huggingface.co/kha-white/manga-ocr-base/resolve/main/pytorch_model.bin ...
[INFO] download_util:try_download_files:260 - downloading data/models/manga-ocr-base\config.json from https://huggingface.co/kha-white/manga-ocr-base/resolve/main/config.json ...
[INFO] download_util:try_download_files:260 - downloading data/models/manga-ocr-base\preprocessor_config.json from https://huggingface.co/kha-white/manga-ocr-base/resolve/main/preprocessor_config.json ...
[INFO] download_util:try_download_files:260 - downloading data/models/manga-ocr-base\README.md from https://huggingface.co/kha-white/manga-ocr-base/resolve/main/README.md ...
[INFO] download_util:try_download_files:260 - downloading data/models/manga-ocr-base\special_tokens_map.json from https://huggingface.co/kha-white/manga-ocr-base/resolve/main/special_tokens_map.json ...
[INFO] download_util:try_download_files:260 - downloading data/models/manga-ocr-base\tokenizer_config.json from https://huggingface.co/kha-white/manga-ocr-base/resolve/main/tokenizer_config.json ...
[INFO] download_util:try_download_files:260 - downloading data/models/manga-ocr-base\vocab.txt from https://huggingface.co/kha-white/manga-ocr-base/resolve/main/vocab.txt ...
[INFO] download_util:try_download_files:260 - downloading D:\BallonsTranslator\.btrans_cache\ocr.zip from https://github.com/zyddnys/manga-image-translator/releases/download/beta-0.3/ocr.zip ...
[INFO] download_util:download_and_check_files:347 - Extracting D:\BallonsTranslator\.btrans_cache\ocr.zip ...
[INFO] download_util:try_download_files:260 - downloading D:\BallonsTranslator\.btrans_cache\ocr-ctc.zip from https://github.com/zyddnys/manga-image-translator/releases/download/beta-0.3/ocr-ctc.zip ...
[INFO] download_util:download_and_check_files:347 - Extracting D:\BallonsTranslator\.btrans_cache\ocr-ctc.zip ...
[INFO] download_util:try_download_files:260 - downloading data/models/ocr_ar_48px.ckpt from https://github.com/zyddnys/manga-image-translator/releases/download/beta-0.3/ocr_ar_48px.ckpt ...
[INFO] download_util:try_download_files:260 - downloading data/alphabet-all-v7.txt from https://github.com/zyddnys/manga-image-translator/releases/download/beta-0.3/alphabet-all-v7.txt ...
[INFO] download_util:try_download_files:260 - downloading D:\BallonsTranslator\.btrans_cache\postag.zip from https://github.com/lancopku/pkuseg-python/releases/download/v0.0.16/postag.zip ...
[INFO] download_util:download_and_check_files:347 - Extracting D:\BallonsTranslator\.btrans_cache\postag.zip ...
[INFO] download_util:try_download_files:260 - downloading D:\BallonsTranslator\.btrans_cache\spacy_ontonotes.zip from https://github.com/explosion/spacy-pkuseg/releases/download/v0.0.26/spacy_ontonotes.zip ...
[INFO] download_util:download_and_check_files:347 - Extracting D:\BallonsTranslator\.btrans_cache\spacy_ontonotes.zip ...
[INFO] launch:main:228 - set display language to en_US
[INFO] module_manager:on_finish_settranslator:918 - Translator set to google
[INFO] module_manager:on_finish_setdetector:897 - Text detector set to ctd
[INFO] module_manager:on_finish_setocr:903 - OCR set to mit48px
[INFO] module_manager:on_finish_setinpainter:910 - Inpainter set to lama_large_512px
[INFO] module_manager:on_finish_setocr:903 - OCR set to google_lens
[INFO] config:save_config:218 - Config saved
[INFO] config:save_config:218 - Config saved
[INFO] config:save_config:218 - Config saved
[DEBUG] config_proj:save:280 - project saved to F:/JOB/Saka_Ejji/test/chapter_1\imgtrans_chapter_1.json
